<?xml version="1.0" encoding="UTF-8"?>
<testng-results ignored="0" total="1" passed="1" failed="0" skipped="0">
  <reporter-output>
  </reporter-output>
  <suite started-at="2024-06-25T15:23:35Z" name="Default suite" finished-at="2024-06-25T15:23:38Z" duration-ms="2777">
    <groups>
      <group name="cucumber">
        <method signature="TestRunner.feature(cucumber.api.testng.CucumberFeatureWrapper)[pri:0, instance:MyRunner.TestRunner@36a5cabc]" name="feature" class="MyRunner.TestRunner"/>
      </group> <!-- cucumber -->
    </groups>
    <test started-at="2024-06-25T15:23:35Z" name="Default test" finished-at="2024-06-25T15:23:38Z" duration-ms="2777">
      <class name="MyRunner.TestRunner">
        <test-method is-config="true" signature="setUpClass()[pri:0, instance:MyRunner.TestRunner@36a5cabc]" started-at="2024-06-25T15:23:35Z" name="setUpClass" finished-at="2024-06-25T15:23:37Z" duration-ms="1822" status="PASS">
          <reporter-output>
          </reporter-output>
        </test-method> <!-- setUpClass -->
        <test-method signature="feature(cucumber.api.testng.CucumberFeatureWrapper)[pri:0, instance:MyRunner.TestRunner@36a5cabc]" started-at="2024-06-25T15:23:38Z" name="feature" description="Runs Cucumber Feature" data-provider="features" finished-at="2024-06-25T15:23:38Z" duration-ms="229" status="PASS">
          <params>
            <param index="0">
              <value>
                <![CDATA[capstone project]]>
              </value>
            </param>
          </params>
          <reporter-output>
          </reporter-output>
        </test-method> <!-- feature -->
        <test-method is-config="true" signature="tearDownClass()[pri:0, instance:MyRunner.TestRunner@36a5cabc]" started-at="2024-06-25T15:23:38Z" name="tearDownClass" finished-at="2024-06-25T15:23:38Z" duration-ms="188" status="PASS">
          <reporter-output>
          </reporter-output>
        </test-method> <!-- tearDownClass -->
      </class> <!-- MyRunner.TestRunner -->
    </test> <!-- Default test -->
  </suite> <!-- Default suite -->
</testng-results>
